...found 20 targets...
...updating 5 targets...
common.mkdir bin.v2/standalone/ac/gcc-4.2.1
common.mkdir bin.v2/standalone/ac/gcc-4.2.1/debug
common.mkdir bin.v2/standalone/ac/gcc-4.2.1/debug/link-static
common.mkdir bin.v2/standalone/ac/gcc-4.2.1/debug/link-static/threading-multi
gcc.compile.c++ bin.v2/standalone/ac/gcc-4.2.1/debug/link-static/threading-multi/zlib.h.o
...updated 5 targets...
...found 5 targets...
...updating 2 targets...
gcc.compile.c++ bin.v2/standalone/ac/gcc-4.2.1/debug/link-static/threading-multi/main.o
gcc.link bin.v2/standalone/ac/gcc-4.2.1/debug/link-static/threading-multi/z
ld: unknown option: --start-group
clang: error: linker command failed with exit code 1 (use -v to see invocation)

    "g++"    -o "bin.v2/standalone/ac/gcc-4.2.1/debug/link-static/threading-multi/z" -Wl,--start-group "bin.v2/standalone/ac/gcc-4.2.1/debug/link-static/threading-multi/main.o"  -Wl,-Bstatic -lz -Wl,-Bdynamic  -Wl,--end-group -g -L../zlib-1.2.8

...failed gcc.link bin.v2/standalone/ac/gcc-4.2.1/debug/link-static/threading-multi/z...
...failed updating 1 target...
...updated 1 target...
...found 1 target...
...updating 1 target...
gcc.link bin.v2/standalone/ac/gcc-4.2.1/debug/link-static/threading-multi/zlib
ld: unknown option: --start-group
clang: error: linker command failed with exit code 1 (use -v to see invocation)

    "g++"    -o "bin.v2/standalone/ac/gcc-4.2.1/debug/link-static/threading-multi/zlib" -Wl,--start-group "bin.v2/standalone/ac/gcc-4.2.1/debug/link-static/threading-multi/main.o"  -Wl,-Bstatic -lzlib -Wl,-Bdynamic  -Wl,--end-group -g -L../zlib-1.2.8

...failed gcc.link bin.v2/standalone/ac/gcc-4.2.1/debug/link-static/threading-multi/zlib...
...failed updating 1 target...
...found 1 target...
...updating 1 target...
gcc.link bin.v2/standalone/ac/gcc-4.2.1/debug/link-static/threading-multi/zll
ld: unknown option: --start-group
clang: error: linker command failed with exit code 1 (use -v to see invocation)

    "g++"    -o "bin.v2/standalone/ac/gcc-4.2.1/debug/link-static/threading-multi/zll" -Wl,--start-group "bin.v2/standalone/ac/gcc-4.2.1/debug/link-static/threading-multi/main.o"  -Wl,-Bstatic -lzll -Wl,-Bdynamic  -Wl,--end-group -g -L../zlib-1.2.8

...failed gcc.link bin.v2/standalone/ac/gcc-4.2.1/debug/link-static/threading-multi/zll...
...failed updating 1 target...
...found 1 target...
...updating 1 target...
gcc.link bin.v2/standalone/ac/gcc-4.2.1/debug/link-static/threading-multi/zdll
ld: unknown option: --start-group
clang: error: linker command failed with exit code 1 (use -v to see invocation)

    "g++"    -o "bin.v2/standalone/ac/gcc-4.2.1/debug/link-static/threading-multi/zdll" -Wl,--start-group "bin.v2/standalone/ac/gcc-4.2.1/debug/link-static/threading-multi/main.o"  -Wl,-Bstatic -lzdll -Wl,-Bdynamic  -Wl,--end-group -g -L../zlib-1.2.8

...failed gcc.link bin.v2/standalone/ac/gcc-4.2.1/debug/link-static/threading-multi/zdll...
...failed updating 1 target...
...found 3 targets...
...updating 3 targets...
common.mkdir bin.v2/standalone/ac/gcc-4.2.1/debug/threading-multi
gcc.compile.c++ bin.v2/standalone/ac/gcc-4.2.1/debug/threading-multi/main.o
gcc.link bin.v2/standalone/ac/gcc-4.2.1/debug/threading-multi/z
ld: unknown option: --start-group
clang: error: linker command failed with exit code 1 (use -v to see invocation)

    "g++"    -o "bin.v2/standalone/ac/gcc-4.2.1/debug/threading-multi/z" -Wl,--start-group "bin.v2/standalone/ac/gcc-4.2.1/debug/threading-multi/main.o"  -Wl,-Bstatic  -Wl,-Bdynamic -lz -Wl,--end-group -g -L../zlib-1.2.8

...failed gcc.link bin.v2/standalone/ac/gcc-4.2.1/debug/threading-multi/z...
...failed updating 1 target...
...updated 2 targets...
...found 1 target...
...updating 1 target...
gcc.link bin.v2/standalone/ac/gcc-4.2.1/debug/threading-multi/zlib
ld: unknown option: --start-group
clang: error: linker command failed with exit code 1 (use -v to see invocation)

    "g++"    -o "bin.v2/standalone/ac/gcc-4.2.1/debug/threading-multi/zlib" -Wl,--start-group "bin.v2/standalone/ac/gcc-4.2.1/debug/threading-multi/main.o"  -Wl,-Bstatic  -Wl,-Bdynamic -lzlib -Wl,--end-group -g -L../zlib-1.2.8

...failed gcc.link bin.v2/standalone/ac/gcc-4.2.1/debug/threading-multi/zlib...
...failed updating 1 target...
...found 1 target...
...updating 1 target...
gcc.link bin.v2/standalone/ac/gcc-4.2.1/debug/threading-multi/zll
ld: unknown option: --start-group
clang: error: linker command failed with exit code 1 (use -v to see invocation)

    "g++"    -o "bin.v2/standalone/ac/gcc-4.2.1/debug/threading-multi/zll" -Wl,--start-group "bin.v2/standalone/ac/gcc-4.2.1/debug/threading-multi/main.o"  -Wl,-Bstatic  -Wl,-Bdynamic -lzll -Wl,--end-group -g -L../zlib-1.2.8

...failed gcc.link bin.v2/standalone/ac/gcc-4.2.1/debug/threading-multi/zll...
...failed updating 1 target...
...found 1 target...
...updating 1 target...
gcc.link bin.v2/standalone/ac/gcc-4.2.1/debug/threading-multi/zdll
ld: unknown option: --start-group
clang: error: linker command failed with exit code 1 (use -v to see invocation)

    "g++"    -o "bin.v2/standalone/ac/gcc-4.2.1/debug/threading-multi/zdll" -Wl,--start-group "bin.v2/standalone/ac/gcc-4.2.1/debug/threading-multi/main.o"  -Wl,-Bstatic  -Wl,-Bdynamic -lzdll -Wl,--end-group -g -L../zlib-1.2.8

...failed gcc.link bin.v2/standalone/ac/gcc-4.2.1/debug/threading-multi/zdll...
...failed updating 1 target...
...found 12 targets...
...updating 7 targets...
common.mkdir bin.v2/libs
common.mkdir bin.v2/libs/regex
common.mkdir bin.v2/libs/regex/build
common.mkdir bin.v2/libs/regex/build/gcc-4.2.1
common.mkdir bin.v2/libs/regex/build/gcc-4.2.1/debug
gcc.compile.c++ bin.v2/libs/regex/build/gcc-4.2.1/debug/has_icu_test.o
libs/regex/build/has_icu_test.cpp:12:10: fatal error: 'unicode/uversion.h' file not found
#include <unicode/uversion.h>
         ^
1 error generated.

    "g++"  -ftemplate-depth-128 -O0 -fno-inline -Wall -pedantic -g -fPIC  -DBOOST_ALL_NO_LIB=1 -DBOOST_HAS_ICU=1  -I"." -I"../zlib-1.2.8" -c -o "bin.v2/libs/regex/build/gcc-4.2.1/debug/has_icu_test.o" "libs/regex/build/has_icu_test.cpp"

...failed gcc.compile.c++ bin.v2/libs/regex/build/gcc-4.2.1/debug/has_icu_test.o...
...skipped <pbin.v2/libs/regex/build/gcc-4.2.1/debug>has_icu for lack of <pbin.v2/libs/regex/build/gcc-4.2.1/debug>has_icu_test.o...
...failed updating 1 target...
...skipped 1 target...
...updated 5 targets...
...found 1 target...
...updating 1 target...
config-cache.write bin.v2/project-cache.jam
...updated 1 target...
